#
# There is insufficient memory for the Java Runtime Environment to continue.
# Native memory allocation (malloc) failed to allocate 131088 bytes for Chunk::new
# Possible reasons:
#   The system is out of physical RAM or swap space
#   The process is running with CompressedOops enabled, and the Java Heap may be blocking the growth of the native heap
# Possible solutions:
#   Reduce memory load on the system
#   Increase physical memory or swap space
#   Check if swap backing store is full
#   Decrease Java heap size (-Xmx/-Xms)
#   Decrease number of Java threads
#   Decrease Java thread stack sizes (-Xss)
#   Set larger code cache with -XX:ReservedCodeCacheSize=
#   JVM is running with Unscaled Compressed Oops mode in which the Java heap is
#     placed in the first 4GB address space. The Java Heap base address is the
#     maximum limit for the native heap growth. Please use -XX:HeapBaseMinAddress
#     to set the Java Heap base and to place the Java Heap above 4GB virtual address.
# This output file may be truncated or incomplete.
#
#  Out of Memory Error (./src/hotspot/share/memory/arena.cpp:197), pid=1580, tid=24300
#
# JRE version: OpenJDK Runtime Environment (11.0.11+9) (build 11.0.11+9-b60-7590822)
# Java VM: OpenJDK 64-Bit Server VM (11.0.11+9-b60-7590822, mixed mode, tiered, compressed oops, g1 gc, windows-amd64)
# No core dump will be written. Minidumps are not enabled by default on client versions of Windows
#

---------------  S U M M A R Y ------------

Command Line: --add-opens=java.base/java.util=ALL-UNNAMED --add-opens=java.base/java.lang=ALL-UNNAMED --add-opens=java.base/java.lang.invoke=ALL-UNNAMED --add-opens=java.base/java.util=ALL-UNNAMED --add-opens=java.prefs/java.util.prefs=ALL-UNNAMED --add-opens=java.prefs/java.util.prefs=ALL-UNNAMED --add-opens=java.base/java.nio.charset=ALL-UNNAMED --add-opens=java.base/java.net=ALL-UNNAMED --add-opens=java.base/java.util.concurrent.atomic=ALL-UNNAMED -Xmx2048m -Dfile.encoding=UTF-8 -Duser.country=US -Duser.language=en -Duser.variant org.gradle.launcher.daemon.bootstrap.GradleDaemon 7.0.2

Host: AMD Ryzen 5 3600 6-Core Processor              , 12 cores, 15G,  Windows 10 , 64 bit Build 22616 (10.0.22616.1)
Time: Sat May 14 18:30:49 2022 SE Asia Standard Time elapsed time: 6.749358 seconds (0d 0h 0m 6s)

---------------  T H R E A D  ---------------

Current thread (0x000002d4aec59000):  JavaThread "C2 CompilerThread1" daemon [_thread_in_native, id=24300, stack(0x000000ea37400000,0x000000ea37500000)]


Current CompileTask:
C2:   6749 3690       4       java.net.URLClassLoader$1::run (5 bytes)

Stack: [0x000000ea37400000,0x000000ea37500000]
Native frames: (J=compiled Java code, j=interpreted, Vv=VM code, C=native code)
V  [jvm.dll+0x5f214a]
V  [jvm.dll+0x726fb5]
V  [jvm.dll+0x7285cd]
V  [jvm.dll+0x728c83]
V  [jvm.dll+0x243278]
V  [jvm.dll+0xbc53c]
V  [jvm.dll+0xbca3c]
V  [jvm.dll+0xbc638]
V  [jvm.dll+0x5d14e0]
V  [jvm.dll+0x61c85c]
V  [jvm.dll+0x1fd34f]
V  [jvm.dll+0x1fb35f]
V  [jvm.dll+0x183d6c]
V  [jvm.dll+0x209a57]
V  [jvm.dll+0x2082a1]
V  [jvm.dll+0x6ef58f]
V  [jvm.dll+0x6e80b5]
V  [jvm.dll+0x5f1036]
C  [ucrtbase.dll+0x29363]
C  [KERNEL32.DLL+0x1244d]
C  [ntdll.dll+0x5df88]


---------------  P R O C E S S  ---------------

Threads class SMR info:
_java_thread_list=0x000002d4b2a94200, length=36, elements={
0x000002d49062b800, 0x000002d4ab77a800, 0x000002d4ab77c000, 0x000002d4ab7d8800,
0x000002d4ab7d9800, 0x000002d4ab7dc000, 0x000002d4ab7dd800, 0x000002d4ab7de800,
0x000002d4ab7e2000, 0x000002d4ab947000, 0x000002d4ae1de800, 0x000002d4aba32800,
0x000002d4aba43000, 0x000002d4ad139800, 0x000002d4ace0d000, 0x000002d4ad97d800,
0x000002d4ae8e6000, 0x000002d4ac6e6800, 0x000002d4ae919000, 0x000002d4ad85a000,
0x000002d4ad858000, 0x000002d4ad855800, 0x000002d4ad856800, 0x000002d4ad857800,
0x000002d4ad859000, 0x000002d4ad85a800, 0x000002d4ad855000, 0x000002d4ad85b800,
0x000002d4af0c8800, 0x000002d4af0ca000, 0x000002d4aec59000, 0x000002d4aca7c800,
0x000002d4af0c7000, 0x000002d4af0c9800, 0x000002d4af0c4800, 0x000002d4af0cc000
}

Java Threads: ( => current thread )
  0x000002d49062b800 JavaThread "main" [_thread_blocked, id=22620, stack(0x000000ea34a00000,0x000000ea34b00000)]
  0x000002d4ab77a800 JavaThread "Reference Handler" daemon [_thread_blocked, id=7484, stack(0x000000ea35100000,0x000000ea35200000)]
  0x000002d4ab77c000 JavaThread "Finalizer" daemon [_thread_blocked, id=14016, stack(0x000000ea35200000,0x000000ea35300000)]
  0x000002d4ab7d8800 JavaThread "Signal Dispatcher" daemon [_thread_blocked, id=7492, stack(0x000000ea35300000,0x000000ea35400000)]
  0x000002d4ab7d9800 JavaThread "Attach Listener" daemon [_thread_blocked, id=21924, stack(0x000000ea35400000,0x000000ea35500000)]
  0x000002d4ab7dc000 JavaThread "Service Thread" daemon [_thread_blocked, id=23256, stack(0x000000ea35500000,0x000000ea35600000)]
  0x000002d4ab7dd800 JavaThread "C2 CompilerThread0" daemon [_thread_blocked, id=21432, stack(0x000000ea35600000,0x000000ea35700000)]
  0x000002d4ab7de800 JavaThread "C1 CompilerThread0" daemon [_thread_blocked, id=11468, stack(0x000000ea35700000,0x000000ea35800000)]
  0x000002d4ab7e2000 JavaThread "Sweeper thread" daemon [_thread_blocked, id=3812, stack(0x000000ea35800000,0x000000ea35900000)]
  0x000002d4ab947000 JavaThread "Common-Cleaner" daemon [_thread_blocked, id=17892, stack(0x000000ea35900000,0x000000ea35a00000)]
  0x000002d4ae1de800 JavaThread "Daemon health stats" [_thread_blocked, id=30988, stack(0x000000ea36200000,0x000000ea36300000)]
  0x000002d4aba32800 JavaThread "Incoming local TCP Connector on port 49838" [_thread_in_native, id=30736, stack(0x000000ea35b00000,0x000000ea35c00000)]
  0x000002d4aba43000 JavaThread "Daemon periodic checks" [_thread_blocked, id=30556, stack(0x000000ea35c00000,0x000000ea35d00000)]
  0x000002d4ad139800 JavaThread "Daemon" [_thread_blocked, id=19000, stack(0x000000ea36300000,0x000000ea36400000)]
  0x000002d4ace0d000 JavaThread "Handler for socket connection from /127.0.0.1:49838 to /127.0.0.1:49839" [_thread_in_native, id=29972, stack(0x000000ea36400000,0x000000ea36500000)]
  0x000002d4ad97d800 JavaThread "Cancel handler" [_thread_blocked, id=25944, stack(0x000000ea36500000,0x000000ea36600000)]
  0x000002d4ae8e6000 JavaThread "Daemon worker" [_thread_in_vm, id=24928, stack(0x000000ea36600000,0x000000ea36700000)]
  0x000002d4ac6e6800 JavaThread "Asynchronous log dispatcher for DefaultDaemonConnection: socket connection from /127.0.0.1:49838 to /127.0.0.1:49839" [_thread_blocked, id=29656, stack(0x000000ea36700000,0x000000ea36800000)]
  0x000002d4ae919000 JavaThread "Stdin handler" [_thread_blocked, id=21536, stack(0x000000ea36800000,0x000000ea36900000)]
  0x000002d4ad85a000 JavaThread "Daemon client event forwarder" [_thread_blocked, id=30956, stack(0x000000ea36900000,0x000000ea36a00000)]
  0x000002d4ad858000 JavaThread "Cache worker for file hash cache (D:\Personal Project\Android Dev\.gradle\caches\7.0.2\fileHashes)" [_thread_blocked, id=29768, stack(0x000000ea36a00000,0x000000ea36b00000)]
  0x000002d4ad855800 JavaThread "File lock request listener" [_thread_in_native, id=15056, stack(0x000000ea36b00000,0x000000ea36c00000)]
  0x000002d4ad856800 JavaThread "Cache worker for journal cache (D:\Personal Project\Android Dev\.gradle\caches\journal-1)" [_thread_blocked, id=7740, stack(0x000000ea37300000,0x000000ea37400000)]
  0x000002d4ad857800 JavaThread "Cache worker for file hash cache (D:\Code\AndroidStudio\mybencana\.gradle\7.0.2\fileHashes)" [_thread_blocked, id=27184, stack(0x000000ea37500000,0x000000ea37600000)]
  0x000002d4ad859000 JavaThread "File watcher server" daemon [_thread_in_native, id=23332, stack(0x000000ea37600000,0x000000ea37700000)]
  0x000002d4ad85a800 JavaThread "File watcher consumer" daemon [_thread_blocked, id=25076, stack(0x000000ea37700000,0x000000ea37800000)]
  0x000002d4ad855000 JavaThread "Cache worker for checksums cache (D:\Code\AndroidStudio\mybencana\.gradle\checksums)" [_thread_blocked, id=1456, stack(0x000000ea37800000,0x000000ea37900000)]
  0x000002d4ad85b800 JavaThread "Cache worker for cache directory md-supplier (D:\Personal Project\Android Dev\.gradle\caches\7.0.2\md-supplier)" [_thread_blocked, id=29776, stack(0x000000ea37900000,0x000000ea37a00000)]
  0x000002d4af0c8800 JavaThread "Cache worker for cache directory md-rule (D:\Personal Project\Android Dev\.gradle\caches\7.0.2\md-rule)" [_thread_blocked, id=3420, stack(0x000000ea37a00000,0x000000ea37b00000)]
  0x000002d4af0ca000 JavaThread "Cache worker for execution history cache (D:\Personal Project\Android Dev\.gradle\caches\7.0.2\executionHistory)" [_thread_blocked, id=28324, stack(0x000000ea37b00000,0x000000ea37c00000)]
=>0x000002d4aec59000 JavaThread "C2 CompilerThread1" daemon [_thread_in_native, id=24300, stack(0x000000ea37400000,0x000000ea37500000)]
  0x000002d4aca7c800 JavaThread "C2 CompilerThread2" daemon [_thread_blocked, id=28344, stack(0x000000ea37c00000,0x000000ea37d00000)]
  0x000002d4af0c7000 JavaThread "jar transforms" [_thread_blocked, id=7216, stack(0x000000ea37d00000,0x000000ea37e00000)]
  0x000002d4af0c9800 JavaThread "jar transforms Thread 2" [_thread_blocked, id=1100, stack(0x000000ea37e00000,0x000000ea37f00000)]
  0x000002d4af0c4800 JavaThread "Cache worker for file content cache (D:\Personal Project\Android Dev\.gradle\caches\7.0.2\fileContent)" [_thread_blocked, id=16652, stack(0x000000ea37f00000,0x000000ea38000000)]
  0x000002d4af0cc000 JavaThread "Cache worker for dependencies-accessors (D:\Code\AndroidStudio\mybencana\.gradle\7.0.2\dependencies-accessors)" [_thread_blocked, id=27488, stack(0x000000ea38000000,0x000000ea38100000)]

Other Threads:
  0x000002d4ab778000 VMThread "VM Thread" [stack: 0x000000ea35000000,0x000000ea35100000] [id=2848]
  0x000002d4ab973800 WatcherThread [stack: 0x000000ea35a00000,0x000000ea35b00000] [id=22208]
  0x000002d490645000 GCTaskThread "GC Thread#0" [stack: 0x000000ea34b00000,0x000000ea34c00000] [id=17504]
  0x000002d4ac517000 GCTaskThread "GC Thread#1" [stack: 0x000000ea35d00000,0x000000ea35e00000] [id=1344]
  0x000002d4ac00e000 GCTaskThread "GC Thread#2" [stack: 0x000000ea35e00000,0x000000ea35f00000] [id=15924]
  0x000002d4abdb2800 GCTaskThread "GC Thread#3" [stack: 0x000000ea35f00000,0x000000ea36000000] [id=17596]
  0x000002d4ac63c000 GCTaskThread "GC Thread#4" [stack: 0x000000ea36000000,0x000000ea36100000] [id=15216]
  0x000002d4ac63c800 GCTaskThread "GC Thread#5" [stack: 0x000000ea36100000,0x000000ea36200000] [id=31520]
  0x000002d4adfff000 GCTaskThread "GC Thread#6" [stack: 0x000000ea36c00000,0x000000ea36d00000] [id=29600]
  0x000002d4acf6b000 GCTaskThread "GC Thread#7" [stack: 0x000000ea36d00000,0x000000ea36e00000] [id=30268]
  0x000002d4ae25b800 GCTaskThread "GC Thread#8" [stack: 0x000000ea36e00000,0x000000ea36f00000] [id=25940]
  0x000002d4adba7800 GCTaskThread "GC Thread#9" [stack: 0x000000ea36f00000,0x000000ea37000000] [id=30632]
  0x000002d490676800 ConcurrentGCThread "G1 Main Marker" [stack: 0x000000ea34c00000,0x000000ea34d00000] [id=10404]
  0x000002d490679000 ConcurrentGCThread "G1 Conc#0" [stack: 0x000000ea34d00000,0x000000ea34e00000] [id=8740]
  0x000002d4ae90e000 ConcurrentGCThread "G1 Conc#1" [stack: 0x000000ea37000000,0x000000ea37100000] [id=29044]
  0x000002d4ae3b1800 ConcurrentGCThread "G1 Conc#2" [stack: 0x000000ea37200000,0x000000ea37300000] [id=22884]
  0x000002d4aadc2000 ConcurrentGCThread "G1 Refine#0" [stack: 0x000000ea34e00000,0x000000ea34f00000] [id=18632]
  0x000002d4ac336000 ConcurrentGCThread "G1 Refine#1" [stack: 0x000000ea37100000,0x000000ea37200000] [id=27660]
  0x000002d4aadc5000 ConcurrentGCThread "G1 Young RemSet Sampling" [stack: 0x000000ea34f00000,0x000000ea35000000] [id=6388]

Threads with active compile tasks:
C2 CompilerThread1   6771 3690       4       java.net.URLClassLoader$1::run (5 bytes)

VM state:not at safepoint (normal execution)

VM Mutex/Monitor currently owned by a thread: None

Heap address: 0x0000000080000000, size: 2048 MB, Compressed Oops mode: 32-bit
Narrow klass base: 0x0000000000000000, Narrow klass shift: 3
Compressed class space size: 1073741824 Address: 0x0000000100000000

Heap:
 garbage-first heap   total 262144K, used 102607K [0x0000000080000000, 0x0000000100000000)
  region size 1024K, 83 young (84992K), 6 survivors (6144K)
 Metaspace       used 40866K, capacity 41814K, committed 41852K, reserved 1085440K
  class space    used 5275K, capacity 5632K, committed 5632K, reserved 1048576K
Heap Regions: E=young(eden), S=young(survivor), O=old, HS=humongous(starts), HC=humongous(continues), CS=collection set, F=free, A=archive, TAMS=top-at-mark-start (previous, next)
|   0|0x0000000080000000, 0x0000000080100000, 0x0000000080100000|100%| O|  |TAMS 0x0000000080100000, 0x0000000080000000| Untracked 
|   1|0x0000000080100000, 0x0000000080200000, 0x0000000080200000|100%| O|  |TAMS 0x0000000080200000, 0x0000000080100000| Untracked 
|   2|0x0000000080200000, 0x0000000080300000, 0x0000000080300000|100%| O|  |TAMS 0x0000000080300000, 0x0000000080200000| Untracked 
|   3|0x0000000080300000, 0x0000000080400000, 0x0000000080400000|100%|HS|  |TAMS 0x0000000080400000, 0x0000000080300000| Complete 
|   4|0x0000000080400000, 0x0000000080500000, 0x0000000080500000|100%|HC|  |TAMS 0x0000000080500000, 0x0000000080400000| Complete 
|   5|0x0000000080500000, 0x0000000080600000, 0x0000000080600000|100%|HC|  |TAMS 0x0000000080600000, 0x0000000080500000| Complete 
|   6|0x0000000080600000, 0x0000000080700000, 0x0000000080700000|100%| O|  |TAMS 0x0000000080700000, 0x0000000080600000| Untracked 
|   7|0x0000000080700000, 0x0000000080800000, 0x0000000080800000|100%| O|  |TAMS 0x0000000080800000, 0x0000000080700000| Untracked 
|   8|0x0000000080800000, 0x0000000080900000, 0x0000000080900000|100%| O|  |TAMS 0x0000000080900000, 0x0000000080800000| Untracked 
|   9|0x0000000080900000, 0x0000000080a00000, 0x0000000080a00000|100%| O|  |TAMS 0x0000000080a00000, 0x0000000080900000| Untracked 
|  10|0x0000000080a00000, 0x0000000080b00000, 0x0000000080b00000|100%| O|  |TAMS 0x0000000080b00000, 0x0000000080a00000| Untracked 
|  11|0x0000000080b00000, 0x0000000080c00000, 0x0000000080c00000|100%| O|  |TAMS 0x0000000080c00000, 0x0000000080b00000| Untracked 
|  12|0x0000000080c00000, 0x0000000080d00000, 0x0000000080d00000|100%| O|  |TAMS 0x0000000080d00000, 0x0000000080c00000| Untracked 
|  13|0x0000000080d00000, 0x0000000080e00000, 0x0000000080e00000|100%| O|  |TAMS 0x0000000080e00000, 0x0000000080d00000| Untracked 
|  14|0x0000000080e00000, 0x0000000080f00000, 0x0000000080f00000|100%| O|  |TAMS 0x0000000080f00000, 0x0000000080e00000| Untracked 
|  15|0x0000000080f00000, 0x0000000081000000, 0x0000000081000000|100%| O|  |TAMS 0x0000000081000000, 0x0000000080f00000| Untracked 
|  16|0x0000000081000000, 0x000000008106d000, 0x0000000081100000| 42%| O|  |TAMS 0x000000008106d000, 0x0000000081000000| Untracked 
|  17|0x0000000081100000, 0x0000000081200000, 0x0000000081200000|100%|HS|  |TAMS 0x0000000081100000, 0x0000000081100000| Complete 
|  18|0x0000000081200000, 0x0000000081300000, 0x0000000081300000|100%|HS|  |TAMS 0x0000000081200000, 0x0000000081200000| Complete 
|  19|0x0000000081300000, 0x0000000081400000, 0x0000000081400000|100%|HC|  |TAMS 0x0000000081300000, 0x0000000081300000| Complete 
|  20|0x0000000081400000, 0x0000000081400000, 0x0000000081500000|  0%| F|  |TAMS 0x0000000081400000, 0x0000000081400000| Untracked 
|  21|0x0000000081500000, 0x0000000081500000, 0x0000000081600000|  0%| F|  |TAMS 0x0000000081500000, 0x0000000081500000| Untracked 
|  22|0x0000000081600000, 0x0000000081600000, 0x0000000081700000|  0%| F|  |TAMS 0x0000000081600000, 0x0000000081600000| Untracked 
|  23|0x0000000081700000, 0x0000000081700000, 0x0000000081800000|  0%| F|  |TAMS 0x0000000081700000, 0x0000000081700000| Untracked 
|  24|0x0000000081800000, 0x0000000081800000, 0x0000000081900000|  0%| F|  |TAMS 0x0000000081800000, 0x0000000081800000| Untracked 
|  25|0x0000000081900000, 0x0000000081900000, 0x0000000081a00000|  0%| F|  |TAMS 0x0000000081900000, 0x0000000081900000| Untracked 
|  26|0x0000000081a00000, 0x0000000081a00000, 0x0000000081b00000|  0%| F|  |TAMS 0x0000000081a00000, 0x0000000081a00000| Untracked 
|  27|0x0000000081b00000, 0x0000000081b00000, 0x0000000081c00000|  0%| F|  |TAMS 0x0000000081b00000, 0x0000000081b00000| Untracked 
|  28|0x0000000081c00000, 0x0000000081c00000, 0x0000000081d00000|  0%| F|  |TAMS 0x0000000081c00000, 0x0000000081c00000| Untracked 
|  29|0x0000000081d00000, 0x0000000081d00000, 0x0000000081e00000|  0%| F|  |TAMS 0x0000000081d00000, 0x0000000081d00000| Untracked 
|  30|0x0000000081e00000, 0x0000000081e00000, 0x0000000081f00000|  0%| F|  |TAMS 0x0000000081e00000, 0x0000000081e00000| Untracked 
|  31|0x0000000081f00000, 0x0000000081f00000, 0x0000000082000000|  0%| F|  |TAMS 0x0000000081f00000, 0x0000000081f00000| Untracked 
|  32|0x0000000082000000, 0x0000000082000000, 0x0000000082100000|  0%| F|  |TAMS 0x0000000082000000, 0x0000000082000000| Untracked 
|  33|0x0000000082100000, 0x0000000082100000, 0x0000000082200000|  0%| F|  |TAMS 0x0000000082100000, 0x0000000082100000| Untracked 
|  34|0x0000000082200000, 0x0000000082200000, 0x0000000082300000|  0%| F|  |TAMS 0x0000000082200000, 0x0000000082200000| Untracked 
|  35|0x0000000082300000, 0x0000000082300000, 0x0000000082400000|  0%| F|  |TAMS 0x0000000082300000, 0x0000000082300000| Untracked 
|  36|0x0000000082400000, 0x0000000082400000, 0x0000000082500000|  0%| F|  |TAMS 0x0000000082400000, 0x0000000082400000| Untracked 
|  37|0x0000000082500000, 0x0000000082500000, 0x0000000082600000|  0%| F|  |TAMS 0x0000000082500000, 0x0000000082500000| Untracked 
|  38|0x0000000082600000, 0x0000000082600000, 0x0000000082700000|  0%| F|  |TAMS 0x0000000082600000, 0x0000000082600000| Untracked 
|  39|0x0000000082700000, 0x0000000082700000, 0x0000000082800000|  0%| F|  |TAMS 0x0000000082700000, 0x0000000082700000| Untracked 
|  40|0x0000000082800000, 0x0000000082800000, 0x0000000082900000|  0%| F|  |TAMS 0x0000000082800000, 0x0000000082800000| Untracked 
|  41|0x0000000082900000, 0x0000000082900000, 0x0000000082a00000|  0%| F|  |TAMS 0x0000000082900000, 0x0000000082900000| Untracked 
|  42|0x0000000082a00000, 0x0000000082a00000, 0x0000000082b00000|  0%| F|  |TAMS 0x0000000082a00000, 0x0000000082a00000| Untracked 
|  43|0x0000000082b00000, 0x0000000082b00000, 0x0000000082c00000|  0%| F|  |TAMS 0x0000000082b00000, 0x0000000082b00000| Untracked 
|  44|0x0000000082c00000, 0x0000000082c00000, 0x0000000082d00000|  0%| F|  |TAMS 0x0000000082c00000, 0x0000000082c00000| Untracked 
|  45|0x0000000082d00000, 0x0000000082d00000, 0x0000000082e00000|  0%| F|  |TAMS 0x0000000082d00000, 0x0000000082d00000| Untracked 
|  46|0x0000000082e00000, 0x0000000082e00000, 0x0000000082f00000|  0%| F|  |TAMS 0x0000000082e00000, 0x0000000082e00000| Untracked 
|  47|0x0000000082f00000, 0x0000000082f00000, 0x0000000083000000|  0%| F|  |TAMS 0x0000000082f00000, 0x0000000082f00000| Untracked 
|  48|0x0000000083000000, 0x0000000083000000, 0x0000000083100000|  0%| F|  |TAMS 0x0000000083000000, 0x0000000083000000| Untracked 
|  49|0x0000000083100000, 0x0000000083100000, 0x0000000083200000|  0%| F|  |TAMS 0x0000000083100000, 0x0000000083100000| Untracked 
|  50|0x0000000083200000, 0x0000000083200000, 0x0000000083300000|  0%| F|  |TAMS 0x0000000083200000, 0x0000000083200000| Untracked 
|  51|0x0000000083300000, 0x0000000083300000, 0x0000000083400000|  0%| F|  |TAMS 0x0000000083300000, 0x0000000083300000| Untracked 
|  52|0x0000000083400000, 0x0000000083400000, 0x0000000083500000|  0%| F|  |TAMS 0x0000000083400000, 0x0000000083400000| Untracked 
|  53|0x0000000083500000, 0x0000000083500000, 0x0000000083600000|  0%| F|  |TAMS 0x0000000083500000, 0x0000000083500000| Untracked 
|  54|0x0000000083600000, 0x0000000083600000, 0x0000000083700000|  0%| F|  |TAMS 0x0000000083600000, 0x0000000083600000| Untracked 
|  55|0x0000000083700000, 0x0000000083700000, 0x0000000083800000|  0%| F|  |TAMS 0x0000000083700000, 0x0000000083700000| Untracked 
|  56|0x0000000083800000, 0x0000000083800000, 0x0000000083900000|  0%| F|  |TAMS 0x0000000083800000, 0x0000000083800000| Untracked 
|  57|0x0000000083900000, 0x0000000083900000, 0x0000000083a00000|  0%| F|  |TAMS 0x0000000083900000, 0x0000000083900000| Untracked 
|  58|0x0000000083a00000, 0x0000000083a00000, 0x0000000083b00000|  0%| F|  |TAMS 0x0000000083a00000, 0x0000000083a00000| Untracked 
|  59|0x0000000083b00000, 0x0000000083b00000, 0x0000000083c00000|  0%| F|  |TAMS 0x0000000083b00000, 0x0000000083b00000| Untracked 
|  60|0x0000000083c00000, 0x0000000083c00000, 0x0000000083d00000|  0%| F|  |TAMS 0x0000000083c00000, 0x0000000083c00000| Untracked 
|  61|0x0000000083d00000, 0x0000000083d00000, 0x0000000083e00000|  0%| F|  |TAMS 0x0000000083d00000, 0x0000000083d00000| Untracked 
|  62|0x0000000083e00000, 0x0000000083e00000, 0x0000000083f00000|  0%| F|  |TAMS 0x0000000083e00000, 0x0000000083e00000| Untracked 
|  63|0x0000000083f00000, 0x0000000083f00000, 0x0000000084000000|  0%| F|  |TAMS 0x0000000083f00000, 0x0000000083f00000| Untracked 
|  64|0x0000000084000000, 0x0000000084000000, 0x0000000084100000|  0%| F|  |TAMS 0x0000000084000000, 0x0000000084000000| Untracked 
|  65|0x0000000084100000, 0x0000000084100000, 0x0000000084200000|  0%| F|  |TAMS 0x0000000084100000, 0x0000000084100000| Untracked 
|  66|0x0000000084200000, 0x0000000084200000, 0x0000000084300000|  0%| F|  |TAMS 0x0000000084200000, 0x0000000084200000| Untracked 
|  67|0x0000000084300000, 0x0000000084300000, 0x0000000084400000|  0%| F|  |TAMS 0x0000000084300000, 0x0000000084300000| Untracked 
|  68|0x0000000084400000, 0x0000000084400000, 0x0000000084500000|  0%| F|  |TAMS 0x0000000084400000, 0x0000000084400000| Untracked 
|  69|0x0000000084500000, 0x0000000084500000, 0x0000000084600000|  0%| F|  |TAMS 0x0000000084500000, 0x0000000084500000| Untracked 
|  70|0x0000000084600000, 0x0000000084600000, 0x0000000084700000|  0%| F|  |TAMS 0x0000000084600000, 0x0000000084600000| Untracked 
|  71|0x0000000084700000, 0x0000000084700000, 0x0000000084800000|  0%| F|  |TAMS 0x0000000084700000, 0x0000000084700000| Untracked 
|  72|0x0000000084800000, 0x0000000084800000, 0x0000000084900000|  0%| F|  |TAMS 0x0000000084800000, 0x0000000084800000| Untracked 
|  73|0x0000000084900000, 0x0000000084900000, 0x0000000084a00000|  0%| F|  |TAMS 0x0000000084900000, 0x0000000084900000| Untracked 
|  74|0x0000000084a00000, 0x0000000084a00000, 0x0000000084b00000|  0%| F|  |TAMS 0x0000000084a00000, 0x0000000084a00000| Untracked 
|  75|0x0000000084b00000, 0x0000000084b00000, 0x0000000084c00000|  0%| F|  |TAMS 0x0000000084b00000, 0x0000000084b00000| Untracked 
|  76|0x0000000084c00000, 0x0000000084c00000, 0x0000000084d00000|  0%| F|  |TAMS 0x0000000084c00000, 0x0000000084c00000| Untracked 
|  77|0x0000000084d00000, 0x0000000084d00000, 0x0000000084e00000|  0%| F|  |TAMS 0x0000000084d00000, 0x0000000084d00000| Untracked 
|  78|0x0000000084e00000, 0x0000000084e00000, 0x0000000084f00000|  0%| F|  |TAMS 0x0000000084e00000, 0x0000000084e00000| Untracked 
|  79|0x0000000084f00000, 0x0000000084f00000, 0x0000000085000000|  0%| F|  |TAMS 0x0000000084f00000, 0x0000000084f00000| Untracked 
|  80|0x0000000085000000, 0x0000000085000000, 0x0000000085100000|  0%| F|  |TAMS 0x0000000085000000, 0x0000000085000000| Untracked 
|  81|0x0000000085100000, 0x0000000085100000, 0x0000000085200000|  0%| F|  |TAMS 0x0000000085100000, 0x0000000085100000| Untracked 
|  82|0x0000000085200000, 0x0000000085200000, 0x0000000085300000|  0%| F|  |TAMS 0x0000000085200000, 0x0000000085200000| Untracked 
|  83|0x0000000085300000, 0x0000000085300000, 0x0000000085400000|  0%| F|  |TAMS 0x0000000085300000, 0x0000000085300000| Untracked 
|  84|0x0000000085400000, 0x0000000085400000, 0x0000000085500000|  0%| F|  |TAMS 0x0000000085400000, 0x0000000085400000| Untracked 
|  85|0x0000000085500000, 0x0000000085500000, 0x0000000085600000|  0%| F|  |TAMS 0x0000000085500000, 0x0000000085500000| Untracked 
|  86|0x0000000085600000, 0x0000000085600000, 0x0000000085700000|  0%| F|  |TAMS 0x0000000085600000, 0x0000000085600000| Untracked 
|  87|0x0000000085700000, 0x0000000085700000, 0x0000000085800000|  0%| F|  |TAMS 0x0000000085700000, 0x0000000085700000| Untracked 
|  88|0x0000000085800000, 0x0000000085800000, 0x0000000085900000|  0%| F|  |TAMS 0x0000000085800000, 0x0000000085800000| Untracked 
|  89|0x0000000085900000, 0x0000000085900000, 0x0000000085a00000|  0%| F|  |TAMS 0x0000000085900000, 0x0000000085900000| Untracked 
|  90|0x0000000085a00000, 0x0000000085a00000, 0x0000000085b00000|  0%| F|  |TAMS 0x0000000085a00000, 0x0000000085a00000| Untracked 
|  91|0x0000000085b00000, 0x0000000085b00000, 0x0000000085c00000|  0%| F|  |TAMS 0x0000000085b00000, 0x0000000085b00000| Untracked 
|  92|0x0000000085c00000, 0x0000000085c00000, 0x0000000085d00000|  0%| F|  |TAMS 0x0000000085c00000, 0x0000000085c00000| Untracked 
|  93|0x0000000085d00000, 0x0000000085d00000, 0x0000000085e00000|  0%| F|  |TAMS 0x0000000085d00000, 0x0000000085d00000| Untracked 
|  94|0x0000000085e00000, 0x0000000085e00000, 0x0000000085f00000|  0%| F|  |TAMS 0x0000000085e00000, 0x0000000085e00000| Untracked 
|  95|0x0000000085f00000, 0x0000000085f00000, 0x0000000086000000|  0%| F|  |TAMS 0x0000000085f00000, 0x0000000085f00000| Untracked 
|  96|0x0000000086000000, 0x0000000086000000, 0x0000000086100000|  0%| F|  |TAMS 0x0000000086000000, 0x0000000086000000| Untracked 
|  97|0x0000000086100000, 0x0000000086100000, 0x0000000086200000|  0%| F|  |TAMS 0x0000000086100000, 0x0000000086100000| Untracked 
|  98|0x0000000086200000, 0x0000000086200000, 0x0000000086300000|  0%| F|  |TAMS 0x0000000086200000, 0x0000000086200000| Untracked 
|  99|0x0000000086300000, 0x0000000086300000, 0x0000000086400000|  0%| F|  |TAMS 0x0000000086300000, 0x0000000086300000| Untracked 
| 100|0x0000000086400000, 0x0000000086400000, 0x0000000086500000|  0%| F|  |TAMS 0x0000000086400000, 0x0000000086400000| Untracked 
| 101|0x0000000086500000, 0x0000000086500000, 0x0000000086600000|  0%| F|  |TAMS 0x0000000086500000, 0x0000000086500000| Untracked 
| 102|0x0000000086600000, 0x0000000086600000, 0x0000000086700000|  0%| F|  |TAMS 0x0000000086600000, 0x0000000086600000| Untracked 
| 103|0x0000000086700000, 0x0000000086700000, 0x0000000086800000|  0%| F|  |TAMS 0x0000000086700000, 0x0000000086700000| Untracked 
| 104|0x0000000086800000, 0x0000000086800000, 0x0000000086900000|  0%| F|  |TAMS 0x0000000086800000, 0x0000000086800000| Untracked 
| 105|0x0000000086900000, 0x0000000086900000, 0x0000000086a00000|  0%| F|  |TAMS 0x0000000086900000, 0x0000000086900000| Untracked 
| 106|0x0000000086a00000, 0x0000000086a00000, 0x0000000086b00000|  0%| F|  |TAMS 0x0000000086a00000, 0x0000000086a00000| Untracked 
| 107|0x0000000086b00000, 0x0000000086b00000, 0x0000000086c00000|  0%| F|  |TAMS 0x0000000086b00000, 0x0000000086b00000| Untracked 
| 108|0x0000000086c00000, 0x0000000086c00000, 0x0000000086d00000|  0%| F|  |TAMS 0x0000000086c00000, 0x0000000086c00000| Untracked 
| 109|0x0000000086d00000, 0x0000000086d00000, 0x0000000086e00000|  0%| F|  |TAMS 0x0000000086d00000, 0x0000000086d00000| Untracked 
| 110|0x0000000086e00000, 0x0000000086e00000, 0x0000000086f00000|  0%| F|  |TAMS 0x0000000086e00000, 0x0000000086e00000| Untracked 
| 111|0x0000000086f00000, 0x0000000086f00000, 0x0000000087000000|  0%| F|  |TAMS 0x0000000086f00000, 0x0000000086f00000| Untracked 
| 112|0x0000000087000000, 0x0000000087000000, 0x0000000087100000|  0%| F|  |TAMS 0x0000000087000000, 0x0000000087000000| Untracked 
| 113|0x0000000087100000, 0x0000000087100000, 0x0000000087200000|  0%| F|  |TAMS 0x0000000087100000, 0x0000000087100000| Untracked 
| 114|0x0000000087200000, 0x0000000087200000, 0x0000000087300000|  0%| F|  |TAMS 0x0000000087200000, 0x0000000087200000| Untracked 
| 115|0x0000000087300000, 0x0000000087300000, 0x0000000087400000|  0%| F|  |TAMS 0x0000000087300000, 0x0000000087300000| Untracked 
| 116|0x0000000087400000, 0x0000000087400000, 0x0000000087500000|  0%| F|  |TAMS 0x0000000087400000, 0x0000000087400000| Untracked 
| 117|0x0000000087500000, 0x0000000087500000, 0x0000000087600000|  0%| F|  |TAMS 0x0000000087500000, 0x0000000087500000| Untracked 
| 118|0x0000000087600000, 0x0000000087600000, 0x0000000087700000|  0%| F|  |TAMS 0x0000000087600000, 0x0000000087600000| Untracked 
| 119|0x0000000087700000, 0x0000000087700000, 0x0000000087800000|  0%| F|  |TAMS 0x0000000087700000, 0x0000000087700000| Untracked 
| 120|0x0000000087800000, 0x0000000087800000, 0x0000000087900000|  0%| F|  |TAMS 0x0000000087800000, 0x0000000087800000| Untracked 
| 121|0x0000000087900000, 0x0000000087900000, 0x0000000087a00000|  0%| F|  |TAMS 0x0000000087900000, 0x0000000087900000| Untracked 
| 122|0x0000000087a00000, 0x0000000087a00000, 0x0000000087b00000|  0%| F|  |TAMS 0x0000000087a00000, 0x0000000087a00000| Untracked 
| 123|0x0000000087b00000, 0x0000000087b00000, 0x0000000087c00000|  0%| F|  |TAMS 0x0000000087b00000, 0x0000000087b00000| Untracked 
| 124|0x0000000087c00000, 0x0000000087c00000, 0x0000000087d00000|  0%| F|  |TAMS 0x0000000087c00000, 0x0000000087c00000| Untracked 
| 125|0x0000000087d00000, 0x0000000087d00000, 0x0000000087e00000|  0%| F|  |TAMS 0x0000000087d00000, 0x0000000087d00000| Untracked 
| 126|0x0000000087e00000, 0x0000000087e00000, 0x0000000087f00000|  0%| F|  |TAMS 0x0000000087e00000, 0x0000000087e00000| Untracked 
| 127|0x0000000087f00000, 0x0000000087f00000, 0x0000000088000000|  0%| F|  |TAMS 0x0000000087f00000, 0x0000000087f00000| Untracked 
| 128|0x0000000088000000, 0x0000000088000000, 0x0000000088100000|  0%| F|  |TAMS 0x0000000088000000, 0x0000000088000000| Untracked 
| 129|0x0000000088100000, 0x0000000088100000, 0x0000000088200000|  0%| F|  |TAMS 0x0000000088100000, 0x0000000088100000| Untracked 
| 130|0x0000000088200000, 0x0000000088200000, 0x0000000088300000|  0%| F|  |TAMS 0x0000000088200000, 0x0000000088200000| Untracked 
| 131|0x0000000088300000, 0x0000000088300000, 0x0000000088400000|  0%| F|  |TAMS 0x0000000088300000, 0x0000000088300000| Untracked 
| 132|0x0000000088400000, 0x0000000088400000, 0x0000000088500000|  0%| F|  |TAMS 0x0000000088400000, 0x0000000088400000| Untracked 
| 133|0x0000000088500000, 0x0000000088500000, 0x0000000088600000|  0%| F|  |TAMS 0x0000000088500000, 0x0000000088500000| Untracked 
| 134|0x0000000088600000, 0x0000000088600000, 0x0000000088700000|  0%| F|  |TAMS 0x0000000088600000, 0x0000000088600000| Untracked 
| 135|0x0000000088700000, 0x0000000088700000, 0x0000000088800000|  0%| F|  |TAMS 0x0000000088700000, 0x0000000088700000| Untracked 
| 136|0x0000000088800000, 0x0000000088800000, 0x0000000088900000|  0%| F|  |TAMS 0x0000000088800000, 0x0000000088800000| Untracked 
| 137|0x0000000088900000, 0x0000000088900000, 0x0000000088a00000|  0%| F|  |TAMS 0x0000000088900000, 0x0000000088900000| Untracked 
| 138|0x0000000088a00000, 0x0000000088a00000, 0x0000000088b00000|  0%| F|  |TAMS 0x0000000088a00000, 0x0000000088a00000| Untracked 
| 139|0x0000000088b00000, 0x0000000088b00000, 0x0000000088c00000|  0%| F|  |TAMS 0x0000000088b00000, 0x0000000088b00000| Untracked 
| 140|0x0000000088c00000, 0x0000000088c00000, 0x0000000088d00000|  0%| F|  |TAMS 0x0000000088c00000, 0x0000000088c00000| Untracked 
| 141|0x0000000088d00000, 0x0000000088d00000, 0x0000000088e00000|  0%| F|  |TAMS 0x0000000088d00000, 0x0000000088d00000| Untracked 
| 142|0x0000000088e00000, 0x0000000088e00000, 0x0000000088f00000|  0%| F|  |TAMS 0x0000000088e00000, 0x0000000088e00000| Untracked 
| 143|0x0000000088f00000, 0x0000000088f00000, 0x0000000089000000|  0%| F|  |TAMS 0x0000000088f00000, 0x0000000088f00000| Untracked 
| 144|0x0000000089000000, 0x0000000089000000, 0x0000000089100000|  0%| F|  |TAMS 0x0000000089000000, 0x0000000089000000| Untracked 
| 145|0x0000000089100000, 0x0000000089100000, 0x0000000089200000|  0%| F|  |TAMS 0x0000000089100000, 0x0000000089100000| Untracked 
| 146|0x0000000089200000, 0x0000000089200000, 0x0000000089300000|  0%| F|  |TAMS 0x0000000089200000, 0x0000000089200000| Untracked 
| 147|0x0000000089300000, 0x0000000089300000, 0x0000000089400000|  0%| F|  |TAMS 0x0000000089300000, 0x0000000089300000| Untracked 
| 148|0x0000000089400000, 0x0000000089400000, 0x0000000089500000|  0%| F|  |TAMS 0x0000000089400000, 0x0000000089400000| Untracked 
| 149|0x0000000089500000, 0x00000000895c6df0, 0x0000000089600000| 77%| S|CS|TAMS 0x0000000089500000, 0x0000000089500000| Complete 
| 150|0x0000000089600000, 0x0000000089700000, 0x0000000089700000|100%| S|CS|TAMS 0x0000000089600000, 0x0000000089600000| Complete 
| 151|0x0000000089700000, 0x0000000089800000, 0x0000000089800000|100%| S|CS|TAMS 0x0000000089700000, 0x0000000089700000| Complete 
| 152|0x0000000089800000, 0x0000000089900000, 0x0000000089900000|100%| S|CS|TAMS 0x0000000089800000, 0x0000000089800000| Complete 
| 153|0x0000000089900000, 0x0000000089a00000, 0x0000000089a00000|100%| S|CS|TAMS 0x0000000089900000, 0x0000000089900000| Complete 
| 154|0x0000000089a00000, 0x0000000089b00000, 0x0000000089b00000|100%| S|CS|TAMS 0x0000000089a00000, 0x0000000089a00000| Complete 
| 155|0x0000000089b00000, 0x0000000089b00000, 0x0000000089c00000|  0%| F|  |TAMS 0x0000000089b00000, 0x0000000089b00000| Untracked 
| 156|0x0000000089c00000, 0x0000000089c00000, 0x0000000089d00000|  0%| F|  |TAMS 0x0000000089c00000, 0x0000000089c00000| Untracked 
| 157|0x0000000089d00000, 0x0000000089d00000, 0x0000000089e00000|  0%| F|  |TAMS 0x0000000089d00000, 0x0000000089d00000| Untracked 
| 158|0x0000000089e00000, 0x0000000089e00000, 0x0000000089f00000|  0%| F|  |TAMS 0x0000000089e00000, 0x0000000089e00000| Untracked 
| 159|0x0000000089f00000, 0x0000000089f00000, 0x000000008a000000|  0%| F|  |TAMS 0x0000000089f00000, 0x0000000089f00000| Untracked 
| 160|0x000000008a000000, 0x000000008a000000, 0x000000008a100000|  0%| F|  |TAMS 0x000000008a000000, 0x000000008a000000| Untracked 
| 161|0x000000008a100000, 0x000000008a100000, 0x000000008a200000|  0%| F|  |TAMS 0x000000008a100000, 0x000000008a100000| Untracked 
| 162|0x000000008a200000, 0x000000008a200000, 0x000000008a300000|  0%| F|  |TAMS 0x000000008a200000, 0x000000008a200000| Untracked 
| 163|0x000000008a300000, 0x000000008a300000, 0x000000008a400000|  0%| F|  |TAMS 0x000000008a300000, 0x000000008a300000| Untracked 
| 164|0x000000008a400000, 0x000000008a400000, 0x000000008a500000|  0%| F|  |TAMS 0x000000008a400000, 0x000000008a400000| Untracked 
| 165|0x000000008a500000, 0x000000008a500000, 0x000000008a600000|  0%| F|  |TAMS 0x000000008a500000, 0x000000008a500000| Untracked 
| 166|0x000000008a600000, 0x000000008a600000, 0x000000008a700000|  0%| F|  |TAMS 0x000000008a600000, 0x000000008a600000| Untracked 
| 167|0x000000008a700000, 0x000000008a700000, 0x000000008a800000|  0%| F|  |TAMS 0x000000008a700000, 0x000000008a700000| Untracked 
| 168|0x000000008a800000, 0x000000008a800000, 0x000000008a900000|  0%| F|  |TAMS 0x000000008a800000, 0x000000008a800000| Untracked 
| 169|0x000000008a900000, 0x000000008a900000, 0x000000008aa00000|  0%| F|  |TAMS 0x000000008a900000, 0x000000008a900000| Untracked 
| 170|0x000000008aa00000, 0x000000008aa00000, 0x000000008ab00000|  0%| F|  |TAMS 0x000000008aa00000, 0x000000008aa00000| Untracked 
| 171|0x000000008ab00000, 0x000000008ab00000, 0x000000008ac00000|  0%| F|  |TAMS 0x000000008ab00000, 0x000000008ab00000| Untracked 
| 172|0x000000008ac00000, 0x000000008ac00000, 0x000000008ad00000|  0%| F|  |TAMS 0x000000008ac00000, 0x000000008ac00000| Untracked 
| 173|0x000000008ad00000, 0x000000008ad00000, 0x000000008ae00000|  0%| F|  |TAMS 0x000000008ad00000, 0x000000008ad00000| Untracked 
| 174|0x000000008ae00000, 0x000000008ae00000, 0x000000008af00000|  0%| F|  |TAMS 0x000000008ae00000, 0x000000008ae00000| Untracked 
| 175|0x000000008af00000, 0x000000008af00000, 0x000000008b000000|  0%| F|  |TAMS 0x000000008af00000, 0x000000008af00000| Untracked 
| 176|0x000000008b000000, 0x000000008b000000, 0x000000008b100000|  0%| F|  |TAMS 0x000000008b000000, 0x000000008b000000| Untracked 
| 177|0x000000008b100000, 0x000000008b100000, 0x000000008b200000|  0%| F|  |TAMS 0x000000008b100000, 0x000000008b100000| Untracked 
| 178|0x000000008b200000, 0x000000008b200000, 0x000000008b300000|  0%| F|  |TAMS 0x000000008b200000, 0x000000008b200000| Untracked 
| 179|0x000000008b300000, 0x000000008b400000, 0x000000008b400000|100%| E|  |TAMS 0x000000008b300000, 0x000000008b300000| Complete 
| 180|0x000000008b400000, 0x000000008b500000, 0x000000008b500000|100%| E|CS|TAMS 0x000000008b400000, 0x000000008b400000| Complete 
| 181|0x000000008b500000, 0x000000008b600000, 0x000000008b600000|100%| E|CS|TAMS 0x000000008b500000, 0x000000008b500000| Complete 
| 182|0x000000008b600000, 0x000000008b700000, 0x000000008b700000|100%| E|CS|TAMS 0x000000008b600000, 0x000000008b600000| Complete 
| 183|0x000000008b700000, 0x000000008b800000, 0x000000008b800000|100%| E|CS|TAMS 0x000000008b700000, 0x000000008b700000| Complete 
| 184|0x000000008b800000, 0x000000008b900000, 0x000000008b900000|100%| E|CS|TAMS 0x000000008b800000, 0x000000008b800000| Complete 
| 185|0x000000008b900000, 0x000000008ba00000, 0x000000008ba00000|100%| E|CS|TAMS 0x000000008b900000, 0x000000008b900000| Complete 
| 186|0x000000008ba00000, 0x000000008bb00000, 0x000000008bb00000|100%| E|CS|TAMS 0x000000008ba00000, 0x000000008ba00000| Complete 
| 187|0x000000008bb00000, 0x000000008bc00000, 0x000000008bc00000|100%| E|CS|TAMS 0x000000008bb00000, 0x000000008bb00000| Complete 
| 188|0x000000008bc00000, 0x000000008bd00000, 0x000000008bd00000|100%| E|CS|TAMS 0x000000008bc00000, 0x000000008bc00000| Complete 
| 189|0x000000008bd00000, 0x000000008be00000, 0x000000008be00000|100%| E|CS|TAMS 0x000000008bd00000, 0x000000008bd00000| Complete 
| 190|0x000000008be00000, 0x000000008bf00000, 0x000000008bf00000|100%| E|CS|TAMS 0x000000008be00000, 0x000000008be00000| Complete 
| 191|0x000000008bf00000, 0x000000008c000000, 0x000000008c000000|100%| E|CS|TAMS 0x000000008bf00000, 0x000000008bf00000| Complete 
| 192|0x000000008c000000, 0x000000008c100000, 0x000000008c100000|100%| E|CS|TAMS 0x000000008c000000, 0x000000008c000000| Complete 
| 193|0x000000008c100000, 0x000000008c200000, 0x000000008c200000|100%| E|CS|TAMS 0x000000008c100000, 0x000000008c100000| Complete 
| 194|0x000000008c200000, 0x000000008c300000, 0x000000008c300000|100%| E|CS|TAMS 0x000000008c200000, 0x000000008c200000| Complete 
| 195|0x000000008c300000, 0x000000008c400000, 0x000000008c400000|100%| E|CS|TAMS 0x000000008c300000, 0x000000008c300000| Complete 
| 196|0x000000008c400000, 0x000000008c500000, 0x000000008c500000|100%| E|CS|TAMS 0x000000008c400000, 0x000000008c400000| Complete 
| 197|0x000000008c500000, 0x000000008c600000, 0x000000008c600000|100%| E|CS|TAMS 0x000000008c500000, 0x000000008c500000| Complete 
| 198|0x000000008c600000, 0x000000008c700000, 0x000000008c700000|100%| E|CS|TAMS 0x000000008c600000, 0x000000008c600000| Complete 
| 199|0x000000008c700000, 0x000000008c800000, 0x000000008c800000|100%| E|CS|TAMS 0x000000008c700000, 0x000000008c700000| Complete 
| 200|0x000000008c800000, 0x000000008c900000, 0x000000008c900000|100%| E|CS|TAMS 0x000000008c800000, 0x000000008c800000| Complete 
| 201|0x000000008c900000, 0x000000008ca00000, 0x000000008ca00000|100%| E|CS|TAMS 0x000000008c900000, 0x000000008c900000| Complete 
| 202|0x000000008ca00000, 0x000000008cb00000, 0x000000008cb00000|100%| E|CS|TAMS 0x000000008ca00000, 0x000000008ca00000| Complete 
| 203|0x000000008cb00000, 0x000000008cc00000, 0x000000008cc00000|100%| E|CS|TAMS 0x000000008cb00000, 0x000000008cb00000| Complete 
| 204|0x000000008cc00000, 0x000000008cd00000, 0x000000008cd00000|100%| E|CS|TAMS 0x000000008cc00000, 0x000000008cc00000| Complete 
| 205|0x000000008cd00000, 0x000000008ce00000, 0x000000008ce00000|100%| E|CS|TAMS 0x000000008cd00000, 0x000000008cd00000| Complete 
| 206|0x000000008ce00000, 0x000000008cf00000, 0x000000008cf00000|100%| E|CS|TAMS 0x000000008ce00000, 0x000000008ce00000| Complete 
| 207|0x000000008cf00000, 0x000000008d000000, 0x000000008d000000|100%| E|CS|TAMS 0x000000008cf00000, 0x000000008cf00000| Complete 
| 208|0x000000008d000000, 0x000000008d100000, 0x000000008d100000|100%| E|CS|TAMS 0x000000008d000000, 0x000000008d000000| Complete 
| 209|0x000000008d100000, 0x000000008d200000, 0x000000008d200000|100%| E|CS|TAMS 0x000000008d100000, 0x000000008d100000| Complete 
| 210|0x000000008d200000, 0x000000008d300000, 0x000000008d300000|100%| E|CS|TAMS 0x000000008d200000, 0x000000008d200000| Complete 
| 211|0x000000008d300000, 0x000000008d400000, 0x000000008d400000|100%| E|CS|TAMS 0x000000008d300000, 0x000000008d300000| Complete 
| 212|0x000000008d400000, 0x000000008d500000, 0x000000008d500000|100%| E|CS|TAMS 0x000000008d400000, 0x000000008d400000| Complete 
| 213|0x000000008d500000, 0x000000008d600000, 0x000000008d600000|100%| E|CS|TAMS 0x000000008d500000, 0x000000008d500000| Complete 
| 214|0x000000008d600000, 0x000000008d700000, 0x000000008d700000|100%| E|CS|TAMS 0x000000008d600000, 0x000000008d600000| Complete 
| 215|0x000000008d700000, 0x000000008d800000, 0x000000008d800000|100%| E|CS|TAMS 0x000000008d700000, 0x000000008d700000| Complete 
| 216|0x000000008d800000, 0x000000008d900000, 0x000000008d900000|100%| E|CS|TAMS 0x000000008d800000, 0x000000008d800000| Complete 
| 217|0x000000008d900000, 0x000000008da00000, 0x000000008da00000|100%| E|CS|TAMS 0x000000008d900000, 0x000000008d900000| Complete 
| 218|0x000000008da00000, 0x000000008db00000, 0x000000008db00000|100%| E|CS|TAMS 0x000000008da00000, 0x000000008da00000| Complete 
| 219|0x000000008db00000, 0x000000008dc00000, 0x000000008dc00000|100%| E|CS|TAMS 0x000000008db00000, 0x000000008db00000| Complete 
| 220|0x000000008dc00000, 0x000000008dd00000, 0x000000008dd00000|100%| E|CS|TAMS 0x000000008dc00000, 0x000000008dc00000| Complete 
| 221|0x000000008dd00000, 0x000000008de00000, 0x000000008de00000|100%| E|  |TAMS 0x000000008dd00000, 0x000000008dd00000| Complete 
| 222|0x000000008de00000, 0x000000008df00000, 0x000000008df00000|100%| E|CS|TAMS 0x000000008de00000, 0x000000008de00000| Complete 
| 223|0x000000008df00000, 0x000000008e000000, 0x000000008e000000|100%| E|CS|TAMS 0x000000008df00000, 0x000000008df00000| Complete 
| 224|0x000000008e000000, 0x000000008e100000, 0x000000008e100000|100%| E|CS|TAMS 0x000000008e000000, 0x000000008e000000| Complete 
| 225|0x000000008e100000, 0x000000008e200000, 0x000000008e200000|100%| E|CS|TAMS 0x000000008e100000, 0x000000008e100000| Complete 
| 226|0x000000008e200000, 0x000000008e300000, 0x000000008e300000|100%| E|CS|TAMS 0x000000008e200000, 0x000000008e200000| Complete 
| 227|0x000000008e300000, 0x000000008e400000, 0x000000008e400000|100%| E|CS|TAMS 0x000000008e300000, 0x000000008e300000| Complete 
| 228|0x000000008e400000, 0x000000008e500000, 0x000000008e500000|100%| E|CS|TAMS 0x000000008e400000, 0x000000008e400000| Complete 
| 229|0x000000008e500000, 0x000000008e600000, 0x000000008e600000|100%| E|CS|TAMS 0x000000008e500000, 0x000000008e500000| Complete 
| 230|0x000000008e600000, 0x000000008e700000, 0x000000008e700000|100%| E|CS|TAMS 0x000000008e600000, 0x000000008e600000| Complete 
| 231|0x000000008e700000, 0x000000008e800000, 0x000000008e800000|100%| E|CS|TAMS 0x000000008e700000, 0x000000008e700000| Complete 
| 232|0x000000008e800000, 0x000000008e900000, 0x000000008e900000|100%| E|CS|TAMS 0x000000008e800000, 0x000000008e800000| Complete 
| 233|0x000000008e900000, 0x000000008ea00000, 0x000000008ea00000|100%| E|CS|TAMS 0x000000008e900000, 0x000000008e900000| Complete 
| 234|0x000000008ea00000, 0x000000008eb00000, 0x000000008eb00000|100%| E|CS|TAMS 0x000000008ea00000, 0x000000008ea00000| Complete 
| 235|0x000000008eb00000, 0x000000008ec00000, 0x000000008ec00000|100%| E|CS|TAMS 0x000000008eb00000, 0x000000008eb00000| Complete 
| 236|0x000000008ec00000, 0x000000008ed00000, 0x000000008ed00000|100%| E|CS|TAMS 0x000000008ec00000, 0x000000008ec00000| Complete 
| 237|0x000000008ed00000, 0x000000008ee00000, 0x000000008ee00000|100%| E|CS|TAMS 0x000000008ed00000, 0x000000008ed00000| Complete 
| 238|0x000000008ee00000, 0x000000008ef00000, 0x000000008ef00000|100%| E|CS|TAMS 0x000000008ee00000, 0x000000008ee00000| Complete 
| 239|0x000000008ef00000, 0x000000008f000000, 0x000000008f000000|100%| E|CS|TAMS 0x000000008ef00000, 0x000000008ef00000| Complete 
| 240|0x000000008f000000, 0x000000008f100000, 0x000000008f100000|100%| E|CS|TAMS 0x000000008f000000, 0x000000008f000000| Complete 
| 241|0x000000008f100000, 0x000000008f200000, 0x000000008f200000|100%| E|CS|TAMS 0x000000008f100000, 0x000000008f100000| Complete 
| 242|0x000000008f200000, 0x000000008f300000, 0x000000008f300000|100%| E|CS|TAMS 0x000000008f200000, 0x000000008f200000| Complete 
| 243|0x000000008f300000, 0x000000008f400000, 0x000000008f400000|100%| E|CS|TAMS 0x000000008f300000, 0x000000008f300000| Complete 
| 244|0x000000008f400000, 0x000000008f500000, 0x000000008f500000|100%| E|CS|TAMS 0x000000008f400000, 0x000000008f400000| Complete 
| 245|0x000000008f500000, 0x000000008f600000, 0x000000008f600000|100%| E|CS|TAMS 0x000000008f500000, 0x000000008f500000| Complete 
| 246|0x000000008f600000, 0x000000008f700000, 0x000000008f700000|100%| E|CS|TAMS 0x000000008f600000, 0x000000008f600000| Complete 
| 247|0x000000008f700000, 0x000000008f800000, 0x000000008f800000|100%| E|CS|TAMS 0x000000008f700000, 0x000000008f700000| Complete 
| 248|0x000000008f800000, 0x000000008f900000, 0x000000008f900000|100%| E|CS|TAMS 0x000000008f800000, 0x000000008f800000| Complete 
| 249|0x000000008f900000, 0x000000008fa00000, 0x000000008fa00000|100%| E|CS|TAMS 0x000000008f900000, 0x000000008f900000| Complete 
| 250|0x000000008fa00000, 0x000000008fb00000, 0x000000008fb00000|100%| E|CS|TAMS 0x000000008fa00000, 0x000000008fa00000| Complete 
| 251|0x000000008fb00000, 0x000000008fc00000, 0x000000008fc00000|100%| E|CS|TAMS 0x000000008fb00000, 0x000000008fb00000| Complete 
| 252|0x000000008fc00000, 0x000000008fd00000, 0x000000008fd00000|100%| E|CS|TAMS 0x000000008fc00000, 0x000000008fc00000| Complete 
| 253|0x000000008fd00000, 0x000000008fe00000, 0x000000008fe00000|100%| E|CS|TAMS 0x000000008fd00000, 0x000000008fd00000| Complete 
| 254|0x000000008fe00000, 0x000000008ff00000, 0x000000008ff00000|100%| E|CS|TAMS 0x000000008fe00000, 0x000000008fe00000| Complete 
| 255|0x000000008ff00000, 0x0000000090000000, 0x0000000090000000|100%| E|CS|TAMS 0x000000008ff00000, 0x000000008ff00000| Complete 

Card table byte_map: [0x000002d4a3a80000,0x000002d4a3e80000] _byte_map_base: 0x000002d4a3680000

Marking Bits (Prev, Next): (CMBitMap*) 0x000002d49066dd88, (CMBitMap*) 0x000002d49066ddc0
 Prev Bits: [0x000002d4a4280000, 0x000002d4a6280000)
 Next Bits: [0x000002d4a6280000, 0x000002d4a8280000)

Polling page: 0x000002d48fe00000

Metaspace:

Usage:
  Non-class:     35.46 MB capacity,    34.85 MB ( 98%) used,   535.49 KB (  1%) free+waste,    94.81 KB ( <1%) overhead. 
      Class:      5.50 MB capacity,     5.17 MB ( 94%) used,   294.03 KB (  5%) free+waste,    45.50 KB ( <1%) overhead. 
       Both:     40.96 MB capacity,    40.02 MB ( 98%) used,   829.52 KB (  2%) free+waste,   140.31 KB ( <1%) overhead. 

Virtual space:
  Non-class space:       36.00 MB reserved,      35.62 MB ( 99%) committed 
      Class space:        1.00 GB reserved,       5.63 MB ( <1%) committed 
             Both:        1.04 GB reserved,      41.25 MB (  4%) committed 

Chunk freelists:
   Non-Class:  34.00 KB
       Class:  0 bytes
        Both:  34.00 KB

MaxMetaspaceSize: 17179869184.00 GB
CompressedClassSpaceSize: 1.00 GB

CodeHeap 'non-profiled nmethods': size=120000Kb used=2294Kb max_used=2294Kb free=117706Kb
 bounds [0x000002d49bbf0000, 0x000002d49be60000, 0x000002d4a3120000]
CodeHeap 'profiled nmethods': size=120000Kb used=7741Kb max_used=7741Kb free=112258Kb
 bounds [0x000002d4946c0000, 0x000002d494e50000, 0x000002d49bbf0000]
CodeHeap 'non-nmethods': size=5760Kb used=2199Kb max_used=2253Kb free=3560Kb
 bounds [0x000002d494120000, 0x000002d494390000, 0x000002d4946c0000]
 total_blobs=4470 nmethods=3706 adapters=674
 compilation: enabled
              stopped_count=0, restarted_count=0
 full_count=0

Compilation events (20 events):
Event: 6.700 Thread 0x000002d4ab7de800 nmethod 3684 0x000002d494e35e90 code [0x000002d494e36040, 0x000002d494e36198]
Event: 6.700 Thread 0x000002d4aca7c800 3685       4       java.lang.Long::bitCount (61 bytes)
Event: 6.701 Thread 0x000002d4aca7c800 nmethod 3685 0x000002d49be2c490 code [0x000002d49be2c620, 0x000002d49be2c6d8]
Event: 6.706 Thread 0x000002d4ab7de800 3686       3       sun.reflect.generics.tree.TypeVariableSignature::make (9 bytes)
Event: 6.706 Thread 0x000002d4ab7de800 nmethod 3686 0x000002d494e36210 code [0x000002d494e363e0, 0x000002d494e36638]
Event: 6.706 Thread 0x000002d4ab7de800 3687       3       sun.reflect.generics.tree.TypeVariableSignature::<init> (10 bytes)
Event: 6.706 Thread 0x000002d4ab7de800 nmethod 3687 0x000002d494e36710 code [0x000002d494e368c0, 0x000002d494e36a78]
Event: 6.708 Thread 0x000002d4ab7dd800 3688       4       java.lang.Class::getGenericInfo (52 bytes)
Event: 6.709 Thread 0x000002d4ab7dd800 nmethod 3688 0x000002d49be2c790 code [0x000002d49be2c940, 0x000002d49be2cb08]
Event: 6.709 Thread 0x000002d4ab7de800 3689   !   3       java.util.concurrent.LinkedBlockingQueue::poll (128 bytes)
Event: 6.711 Thread 0x000002d4ab7de800 nmethod 3689 0x000002d494e36b10 code [0x000002d494e36ec0, 0x000002d494e38728]
Event: 6.720 Thread 0x000002d4aec59000 3690       4       java.net.URLClassLoader$1::run (5 bytes)
Event: 6.725 Thread 0x000002d4ab7de800 3691       3       org.gradle.launcher.daemon.server.exec.DaemonConnectionBackedEventConsumer$ForwardEvents::moreMessagesToSend (35 bytes)
Event: 6.726 Thread 0x000002d4ab7de800 nmethod 3691 0x000002d494e39390 code [0x000002d494e39560, 0x000002d494e39808]
Event: 6.726 Thread 0x000002d4ab7de800 3692   !   3       org.gradle.launcher.daemon.server.exec.DaemonConnectionBackedEventConsumer$ForwardEvents::getNextEvent (27 bytes)
Event: 6.726 Thread 0x000002d4ab7de800 nmethod 3692 0x000002d494e39910 code [0x000002d494e39ae0, 0x000002d494e39d28]
Event: 6.728 Thread 0x000002d4ab7de800 3693       1       com.google.common.base.Suppliers$SupplierOfInstance::get (5 bytes)
Event: 6.728 Thread 0x000002d4ab7de800 nmethod 3693 0x000002d49be2cc10 code [0x000002d49be2cdc0, 0x000002d49be2ce78]
Event: 6.728 Thread 0x000002d4ab7de800 3694       3       com.google.common.cache.LocalCache::usesAccessQueue (20 bytes)
Event: 6.729 Thread 0x000002d4ab7de800 nmethod 3694 0x000002d494e39e90 code [0x000002d494e3a060, 0x000002d494e3a398]

GC Heap History (8 events):
Event: 0.847 GC heap before
{Heap before GC invocations=0 (full 0):
 garbage-first heap   total 262144K, used 29696K [0x0000000080000000, 0x0000000100000000)
  region size 1024K, 24 young (24576K), 0 survivors (0K)
 Metaspace       used 9817K, capacity 9986K, committed 10112K, reserved 1058816K
  class space    used 1020K, capacity 1102K, committed 1152K, reserved 1048576K
}
Event: 0.855 GC heap after
{Heap after GC invocations=1 (full 0):
 garbage-first heap   total 262144K, used 9133K [0x0000000080000000, 0x0000000100000000)
  region size 1024K, 3 young (3072K), 3 survivors (3072K)
 Metaspace       used 9817K, capacity 9986K, committed 10112K, reserved 1058816K
  class space    used 1020K, capacity 1102K, committed 1152K, reserved 1048576K
}
Event: 3.101 GC heap before
{Heap before GC invocations=1 (full 0):
 garbage-first heap   total 262144K, used 109485K [0x0000000080000000, 0x0000000100000000)
  region size 1024K, 101 young (103424K), 3 survivors (3072K)
 Metaspace       used 20608K, capacity 21150K, committed 21296K, reserved 1069056K
  class space    used 2513K, capacity 2688K, committed 2688K, reserved 1048576K
}
Event: 3.108 GC heap after
{Heap after GC invocations=2 (full 0):
 garbage-first heap   total 262144K, used 16627K [0x0000000080000000, 0x0000000100000000)
  region size 1024K, 11 young (11264K), 11 survivors (11264K)
 Metaspace       used 20608K, capacity 21150K, committed 21296K, reserved 1069056K
  class space    used 2513K, capacity 2688K, committed 2688K, reserved 1048576K
}
Event: 3.283 GC heap before
{Heap before GC invocations=3 (full 0):
 garbage-first heap   total 262144K, used 26867K [0x0000000080000000, 0x0000000100000000)
  region size 1024K, 22 young (22528K), 11 survivors (11264K)
 Metaspace       used 21776K, capacity 22333K, committed 22576K, reserved 1069056K
  class space    used 2734K, capacity 2936K, committed 2944K, reserved 1048576K
}
Event: 3.288 GC heap after
{Heap after GC invocations=4 (full 0):
 garbage-first heap   total 262144K, used 17597K [0x0000000080000000, 0x0000000100000000)
  region size 1024K, 1 young (1024K), 1 survivors (1024K)
 Metaspace       used 21776K, capacity 22333K, committed 22576K, reserved 1069056K
  class space    used 2734K, capacity 2936K, committed 2944K, reserved 1048576K
}
Event: 5.304 GC heap before
{Heap before GC invocations=4 (full 0):
 garbage-first heap   total 262144K, used 117949K [0x0000000080000000, 0x0000000100000000)
  region size 1024K, 101 young (103424K), 1 survivors (1024K)
 Metaspace       used 34840K, capacity 35606K, committed 35708K, reserved 1081344K
  class space    used 4537K, capacity 4832K, committed 4864K, reserved 1048576K
}
Event: 5.310 GC heap after
{Heap after GC invocations=5 (full 0):
 garbage-first heap   total 262144K, used 22735K [0x0000000080000000, 0x0000000100000000)
  region size 1024K, 6 young (6144K), 6 survivors (6144K)
 Metaspace       used 34840K, capacity 35606K, committed 35708K, reserved 1081344K
  class space    used 4537K, capacity 4832K, committed 4864K, reserved 1048576K
}

Deoptimization events (20 events):
Event: 6.511 Thread 0x000002d4ae1de800 Uncommon trap: trap_request=0xffffffde fr.pc=0x000002d49bd79988 relative=0x0000000000000508
Event: 6.511 Thread 0x000002d4ae1de800 Uncommon trap: reason=class_check action=maybe_recompile pc=0x000002d49bd79988 method=java.util.stream.ReferencePipeline.forEachWithCancel(Ljava/util/Spliterator;Ljava/util/stream/Sink;)Z @ 1 c2
Event: 6.511 Thread 0x000002d4ae1de800 DEOPT PACKING pc=0x000002d49bd79988 sp=0x000000ea362fe910
Event: 6.511 Thread 0x000002d4ae1de800 DEOPT UNPACKING pc=0x000002d49414662f sp=0x000000ea362fe8b0 mode 2
Event: 6.636 Thread 0x000002d4ae8e6000 Uncommon trap: trap_request=0xffffff4d fr.pc=0x000002d49bc6faf0 relative=0x0000000000001670
Event: 6.636 Thread 0x000002d4ae8e6000 Uncommon trap: reason=unstable_if action=reinterpret pc=0x000002d49bc6faf0 method=java.net.URI.quote(Ljava/lang/String;JJ)Ljava/lang/String; @ 183 c2
Event: 6.636 Thread 0x000002d4ae8e6000 DEOPT PACKING pc=0x000002d49bc6faf0 sp=0x000000ea366fb7e0
Event: 6.636 Thread 0x000002d4ae8e6000 DEOPT UNPACKING pc=0x000002d49414662f sp=0x000000ea366fb7c8 mode 2
Event: 6.656 Thread 0x000002d4ae8e6000 Uncommon trap: trap_request=0xffffffde fr.pc=0x000002d49bd97b0c relative=0x000000000000324c
Event: 6.656 Thread 0x000002d4ae8e6000 Uncommon trap: reason=class_check action=maybe_recompile pc=0x000002d49bd97b0c method=java.util.regex.Pattern$CharProperty.study(Ljava/util/regex/Pattern$TreeInfo;)Z @ 25 c2
Event: 6.656 Thread 0x000002d4ae8e6000 DEOPT PACKING pc=0x000002d49bd97b0c sp=0x000000ea366faf20
Event: 6.656 Thread 0x000002d4ae8e6000 DEOPT UNPACKING pc=0x000002d49414662f sp=0x000000ea366fae18 mode 2
Event: 6.664 Thread 0x000002d4ae8e6000 Uncommon trap: trap_request=0xffffffde fr.pc=0x000002d49bd97b0c relative=0x000000000000324c
Event: 6.664 Thread 0x000002d4ae8e6000 Uncommon trap: reason=class_check action=maybe_recompile pc=0x000002d49bd97b0c method=java.util.regex.Pattern$CharProperty.study(Ljava/util/regex/Pattern$TreeInfo;)Z @ 25 c2
Event: 6.664 Thread 0x000002d4ae8e6000 DEOPT PACKING pc=0x000002d49bd97b0c sp=0x000000ea366faf20
Event: 6.664 Thread 0x000002d4ae8e6000 DEOPT UNPACKING pc=0x000002d49414662f sp=0x000000ea366fae18 mode 2
Event: 6.665 Thread 0x000002d4ae8e6000 Uncommon trap: trap_request=0xffffffde fr.pc=0x000002d49bd97b0c relative=0x000000000000324c
Event: 6.665 Thread 0x000002d4ae8e6000 Uncommon trap: reason=class_check action=maybe_recompile pc=0x000002d49bd97b0c method=java.util.regex.Pattern$CharProperty.study(Ljava/util/regex/Pattern$TreeInfo;)Z @ 25 c2
Event: 6.665 Thread 0x000002d4ae8e6000 DEOPT PACKING pc=0x000002d49bd97b0c sp=0x000000ea366faf20
Event: 6.665 Thread 0x000002d4ae8e6000 DEOPT UNPACKING pc=0x000002d49414662f sp=0x000000ea366fae18 mode 2

Classes redefined (0 events):
No events

Internal exceptions (20 events):
Event: 6.247 Thread 0x000002d4ae8e6000 Exception <a 'java/lang/ClassNotFoundException'{0x000000008ce66740}: org/gradle/api/internal/DefaultNamedDomainObjectListBeanInfo> (0x000000008ce66740) thrown at [./src/hotspot/share/classfile/systemDictionary.cpp, line 231]
Event: 6.248 Thread 0x000002d4ae8e6000 Exception <a 'java/lang/ClassNotFoundException'{0x000000008ce92378}: org/gradle/api/internal/DefaultNamedDomainObjectCollectionBeanInfo> (0x000000008ce92378) thrown at [./src/hotspot/share/classfile/systemDictionary.cpp, line 231]
Event: 6.248 Thread 0x000002d4ae8e6000 Exception <a 'java/lang/ClassNotFoundException'{0x000000008cebd528}: org/gradle/api/internal/DefaultDomainObjectCollectionBeanInfo> (0x000000008cebd528) thrown at [./src/hotspot/share/classfile/systemDictionary.cpp, line 231]
Event: 6.248 Thread 0x000002d4ae8e6000 Exception <a 'java/lang/ClassNotFoundException'{0x000000008cec3760}: java/util/AbstractCollectionBeanInfo> (0x000000008cec3760) thrown at [./src/hotspot/share/classfile/systemDictionary.cpp, line 231]
Event: 6.249 Thread 0x000002d4ae8e6000 Exception <a 'java/lang/ClassNotFoundException'{0x000000008cec9ee0}: java/util/AbstractCollectionCustomizer> (0x000000008cec9ee0) thrown at [./src/hotspot/share/classfile/systemDictionary.cpp, line 231]
Event: 6.250 Thread 0x000002d4ae8e6000 Exception <a 'java/lang/ClassNotFoundException'{0x000000008cefdb20}: org/gradle/api/internal/DefaultDomainObjectCollectionCustomizer> (0x000000008cefdb20) thrown at [./src/hotspot/share/classfile/systemDictionary.cpp, line 231]
Event: 6.251 Thread 0x000002d4ae8e6000 Exception <a 'java/lang/ClassNotFoundException'{0x000000008cd468f0}: org/gradle/api/internal/DefaultNamedDomainObjectCollectionCustomizer> (0x000000008cd468f0) thrown at [./src/hotspot/share/classfile/systemDictionary.cpp, line 231]
Event: 6.256 Thread 0x000002d4ae8e6000 Exception <a 'java/lang/ClassNotFoundException'{0x000000008cdbee70}: org/gradle/api/internal/DefaultNamedDomainObjectListCustomizer> (0x000000008cdbee70) thrown at [./src/hotspot/share/classfile/systemDictionary.cpp, line 231]
Event: 6.258 Thread 0x000002d4ae8e6000 Exception <a 'java/lang/ClassNotFoundException'{0x000000008cc13fb0}: org/gradle/api/internal/artifacts/DefaultArtifactRepositoryContainerCustomizer> (0x000000008cc13fb0) thrown at [./src/hotspot/share/classfile/systemDictionary.cpp, line 231]
Event: 6.260 Thread 0x000002d4ae8e6000 Exception <a 'java/lang/ClassNotFoundException'{0x000000008cc5e238}: org/gradle/api/internal/artifacts/dsl/DefaultRepositoryHandlerCustomizer> (0x000000008cc5e238) thrown at [./src/hotspot/share/classfile/systemDictionary.cpp, line 231]
Event: 6.261 Thread 0x000002d4ae8e6000 Exception <a 'java/lang/ClassNotFoundException'{0x000000008ccbb5f0}: org/gradle/api/internal/artifacts/dsl/DefaultRepositoryHandler_DecoratedCustomizer> (0x000000008ccbb5f0) thrown at [./src/hotspot/share/classfile/systemDictionary.cpp, line 231]
Event: 6.342 Thread 0x000002d4ae8e6000 Exception <a 'java/lang/ClassNotFoundException'{0x000000008c7eef28}: org/gradle/initialization/DefaultProjectDescriptorBeanInfo> (0x000000008c7eef28) thrown at [./src/hotspot/share/classfile/systemDictionary.cpp, line 231]
Event: 6.344 Thread 0x000002d4ae8e6000 Exception <a 'java/lang/ClassNotFoundException'{0x000000008c614530}: org/gradle/initialization/DefaultProjectDescriptorCustomizer> (0x000000008c614530) thrown at [./src/hotspot/share/classfile/systemDictionary.cpp, line 231]
Event: 6.366 Thread 0x000002d4ae8e6000 Implicit null exception at 0x000002d49bd4ccec to 0x000002d49bd4cd94
Event: 6.636 Thread 0x000002d4ae8e6000 Implicit null exception at 0x000002d49bc6e8a8 to 0x000002d49bc6fae0
Event: 6.678 Thread 0x000002d4ad85a000 Exception <a 'java/lang/NoSuchMethodError'{0x000000008ff0de88}: <clinit>> (0x000000008ff0de88) thrown at [./src/hotspot/share/prims/jni.cpp, line 1362]
Event: 6.678 Thread 0x000002d4ad85a000 Exception <a 'java/lang/NoSuchMethodError'{0x000000008ff0f478}: <clinit>> (0x000000008ff0f478) thrown at [./src/hotspot/share/prims/jni.cpp, line 1362]
Event: 6.679 Thread 0x000002d4ad85a000 Exception <a 'java/lang/NoSuchMethodError'{0x000000008bc880e0}: <clinit>> (0x000000008bc880e0) thrown at [./src/hotspot/share/prims/jni.cpp, line 1362]
Event: 6.679 Thread 0x000002d4ad85a000 Exception <a 'java/lang/NoSuchMethodError'{0x000000008bc89f30}: <clinit>> (0x000000008bc89f30) thrown at [./src/hotspot/share/prims/jni.cpp, line 1362]
Event: 6.680 Thread 0x000002d4ad85a000 Exception <a 'java/lang/NoSuchMethodError'{0x000000008bc992e8}: <clinit>> (0x000000008bc992e8) thrown at [./src/hotspot/share/prims/jni.cpp, line 1362]

Events (20 events):
Event: 6.741 loading class com/google/common/collect/Iterables$5
Event: 6.741 loading class com/google/common/collect/Iterables$5 done
Event: 6.742 loading class com/google/common/base/Predicates
Event: 6.742 loading class com/google/common/base/Predicates done
Event: 6.742 loading class com/google/common/base/Predicates$ObjectPredicate
Event: 6.742 loading class com/google/common/base/Predicates$ObjectPredicate done
Event: 6.742 loading class com/google/common/base/Predicates$ObjectPredicate$1
Event: 6.742 loading class com/google/common/base/Predicates$ObjectPredicate$1 done
Event: 6.742 loading class com/google/common/base/Predicates$ObjectPredicate$2
Event: 6.742 loading class com/google/common/base/Predicates$ObjectPredicate$2 done
Event: 6.743 loading class com/google/common/base/Predicates$ObjectPredicate$3
Event: 6.743 loading class com/google/common/base/Predicates$ObjectPredicate$3 done
Event: 6.743 loading class com/google/common/base/Predicates$ObjectPredicate$4
Event: 6.743 loading class com/google/common/base/Predicates$ObjectPredicate$4 done
Event: 6.743 loading class com/google/common/collect/Iterables$4
Event: 6.743 loading class com/google/common/collect/Iterables$4 done
Event: 6.743 loading class com/google/common/collect/Iterators$6
Event: 6.743 loading class com/google/common/collect/Iterators$6 done
Event: 6.743 loading class com/google/common/collect/TransformedIterator
Event: 6.743 loading class com/google/common/collect/TransformedIterator done


Dynamic libraries:
0x00007ff726c00000 - 0x00007ff726c0a000 	C:\Program Files\Android\Android Studio\jre\bin\java.exe
0x00007fff7b390000 - 0x00007fff7b5a4000 	C:\WINDOWS\SYSTEM32\ntdll.dll
0x00007fff79860000 - 0x00007fff79922000 	C:\WINDOWS\System32\KERNEL32.DLL
0x00007fff78c30000 - 0x00007fff78fcc000 	C:\WINDOWS\System32\KERNELBASE.dll
0x00007fff78a70000 - 0x00007fff78b81000 	C:\WINDOWS\System32\ucrtbase.dll
0x00007fff56140000 - 0x00007fff56159000 	C:\Program Files\Android\Android Studio\jre\bin\jli.dll
0x00007fff7a490000 - 0x00007fff7a63b000 	C:\WINDOWS\System32\USER32.dll
0x00007fff79110000 - 0x00007fff79136000 	C:\WINDOWS\System32\win32u.dll
0x00007fff79810000 - 0x00007fff79839000 	C:\WINDOWS\System32\GDI32.dll
0x00007fff787e0000 - 0x00007fff788f2000 	C:\WINDOWS\System32\gdi32full.dll
0x00007fff78b90000 - 0x00007fff78c2a000 	C:\WINDOWS\System32\msvcp_win.dll
0x00007fff4a2c0000 - 0x00007fff4a2d7000 	C:\Program Files\Android\Android Studio\jre\bin\VCRUNTIME140.dll
0x00007fff6d110000 - 0x00007fff6d39e000 	C:\WINDOWS\WinSxS\amd64_microsoft.windows.common-controls_6595b64144ccf1df_6.0.22616.1_none_60ea04539af13d52\COMCTL32.dll
0x00007fff79350000 - 0x00007fff793f7000 	C:\WINDOWS\System32\msvcrt.dll
0x00007fff791b0000 - 0x00007fff791e1000 	C:\WINDOWS\System32\IMM32.DLL
0x00007fff43530000 - 0x00007fff435cd000 	C:\Program Files\Android\Android Studio\jre\bin\msvcp140.dll
0x00007ffebeac0000 - 0x00007ffebf595000 	C:\Program Files\Android\Android Studio\jre\bin\server\jvm.dll
0x00007fff79a60000 - 0x00007fff79b0e000 	C:\WINDOWS\System32\ADVAPI32.dll
0x00007fff7ae20000 - 0x00007fff7aec4000 	C:\WINDOWS\System32\sechost.dll
0x00007fff79de0000 - 0x00007fff79ef5000 	C:\WINDOWS\System32\RPCRT4.dll
0x00007fff79cf0000 - 0x00007fff79cf8000 	C:\WINDOWS\System32\PSAPI.DLL
0x00007fff68f10000 - 0x00007fff68f19000 	C:\WINDOWS\SYSTEM32\WSOCK32.dll
0x00007fff79790000 - 0x00007fff79801000 	C:\WINDOWS\System32\WS2_32.dll
0x00007fff74140000 - 0x00007fff7414a000 	C:\WINDOWS\SYSTEM32\VERSION.dll
0x00007fff72f60000 - 0x00007fff72f94000 	C:\WINDOWS\SYSTEM32\WINMM.dll
0x00007fff77940000 - 0x00007fff77958000 	C:\WINDOWS\SYSTEM32\kernel.appcore.dll
0x00007fff53d00000 - 0x00007fff53d11000 	C:\Program Files\Android\Android Studio\jre\bin\verify.dll
0x00007fff71a30000 - 0x00007fff71c5e000 	C:\WINDOWS\SYSTEM32\DBGHELP.DLL
0x00007fff79400000 - 0x00007fff79789000 	C:\WINDOWS\System32\combase.dll
0x00007fff79d00000 - 0x00007fff79dd7000 	C:\WINDOWS\System32\OLEAUT32.dll
0x00007fff71990000 - 0x00007fff719c2000 	C:\WINDOWS\SYSTEM32\dbgcore.DLL
0x00007fff79090000 - 0x00007fff7910b000 	C:\WINDOWS\System32\bcryptPrimitives.dll
0x00007fff4d6b0000 - 0x00007fff4d6d9000 	C:\Program Files\Android\Android Studio\jre\bin\java.dll
0x00007fff6fa10000 - 0x00007fff6fa1b000 	C:\Program Files\Android\Android Studio\jre\bin\jimage.dll
0x00007fff42700000 - 0x00007fff42718000 	C:\Program Files\Android\Android Studio\jre\bin\zip.dll
0x00007fff7a640000 - 0x00007fff7ae18000 	C:\WINDOWS\System32\SHELL32.dll
0x00007fff76830000 - 0x00007fff770e8000 	C:\WINDOWS\SYSTEM32\windows.storage.dll
0x00007fff766f0000 - 0x00007fff7682d000 	C:\WINDOWS\SYSTEM32\wintypes.dll
0x00007fff79930000 - 0x00007fff79a21000 	C:\WINDOWS\System32\SHCORE.dll
0x00007fff79b10000 - 0x00007fff79b6e000 	C:\WINDOWS\System32\shlwapi.dll
0x00007fff78710000 - 0x00007fff78731000 	C:\WINDOWS\SYSTEM32\profapi.dll
0x00007fff42660000 - 0x00007fff4267a000 	C:\Program Files\Android\Android Studio\jre\bin\net.dll
0x00007fff73430000 - 0x00007fff7355f000 	C:\WINDOWS\SYSTEM32\WINHTTP.dll
0x00007fff77da0000 - 0x00007fff77e09000 	C:\WINDOWS\system32\mswsock.dll
0x00007fff40920000 - 0x00007fff40934000 	C:\Program Files\Android\Android Studio\jre\bin\nio.dll
0x00007fff58810000 - 0x00007fff58837000 	D:\Personal Project\Android Dev\.gradle\native\8bec1ad78214c89d9ad589b4d07fe93259594b29d510b10fafb7a158f7737e5d\windows-amd64\native-platform.dll
0x00007fff56380000 - 0x00007fff564bd000 	D:\Personal Project\Android Dev\.gradle\native\53dbd7edfb1c66fb8903c78663c9afc45aea4f116125fa6feffd364cf09443e8\windows-amd64\native-platform-file-events.dll
0x00007fff6d4a0000 - 0x00007fff6d4aa000 	C:\Program Files\Android\Android Studio\jre\bin\management.dll
0x00007fff6d020000 - 0x00007fff6d02d000 	C:\Program Files\Android\Android Studio\jre\bin\management_ext.dll
0x00007fff77ff0000 - 0x00007fff7800b000 	C:\WINDOWS\SYSTEM32\CRYPTSP.dll
0x00007fff778b0000 - 0x00007fff778e5000 	C:\WINDOWS\system32\rsaenh.dll
0x00007fff77ea0000 - 0x00007fff77ec8000 	C:\WINDOWS\SYSTEM32\USERENV.dll
0x00007fff78190000 - 0x00007fff781b8000 	C:\WINDOWS\SYSTEM32\bcrypt.dll
0x00007fff78010000 - 0x00007fff7801c000 	C:\WINDOWS\SYSTEM32\CRYPTBASE.dll
0x00007fff773b0000 - 0x00007fff773dd000 	C:\WINDOWS\SYSTEM32\IPHLPAPI.DLL
0x00007fff79f00000 - 0x00007fff79f09000 	C:\WINDOWS\System32\NSI.dll
0x00007fff731b0000 - 0x00007fff731c9000 	C:\WINDOWS\SYSTEM32\dhcpcsvc6.DLL
0x00007fff73190000 - 0x00007fff731af000 	C:\WINDOWS\SYSTEM32\dhcpcsvc.DLL
0x00007fff77420000 - 0x00007fff77512000 	C:\WINDOWS\SYSTEM32\DNSAPI.dll

dbghelp: loaded successfully - version: 4.0.5 - missing functions: none
symbol engine: initialized successfully - sym options: 0x614 - pdb path: .;C:\Program Files\Android\Android Studio\jre\bin;C:\WINDOWS\SYSTEM32;C:\WINDOWS\WinSxS\amd64_microsoft.windows.common-controls_6595b64144ccf1df_6.0.22616.1_none_60ea04539af13d52;C:\Program Files\Android\Android Studio\jre\bin\server;D:\Personal Project\Android Dev\.gradle\native\8bec1ad78214c89d9ad589b4d07fe93259594b29d510b10fafb7a158f7737e5d\windows-amd64;D:\Personal Project\Android Dev\.gradle\native\53dbd7edfb1c66fb8903c78663c9afc45aea4f116125fa6feffd364cf09443e8\windows-amd64

VM Arguments:
jvm_args: --add-opens=java.base/java.util=ALL-UNNAMED --add-opens=java.base/java.lang=ALL-UNNAMED --add-opens=java.base/java.lang.invoke=ALL-UNNAMED --add-opens=java.base/java.util=ALL-UNNAMED --add-opens=java.prefs/java.util.prefs=ALL-UNNAMED --add-opens=java.prefs/java.util.prefs=ALL-UNNAMED --add-opens=java.base/java.nio.charset=ALL-UNNAMED --add-opens=java.base/java.net=ALL-UNNAMED --add-opens=java.base/java.util.concurrent.atomic=ALL-UNNAMED -Xmx2048m -Dfile.encoding=UTF-8 -Duser.country=US -Duser.language=en -Duser.variant 
java_command: org.gradle.launcher.daemon.bootstrap.GradleDaemon 7.0.2
java_class_path (initial): D:\Personal Project\Android Dev\.gradle\wrapper\dists\gradle-7.0.2-bin\857tjihv64xamwrf0h14cai3r\gradle-7.0.2\lib\gradle-launcher-7.0.2.jar
Launcher Type: SUN_STANDARD

[Global flags]
     intx CICompilerCount                          = 4                                         {product} {ergonomic}
     uint ConcGCThreads                            = 3                                         {product} {ergonomic}
     uint G1ConcRefinementThreads                  = 10                                        {product} {ergonomic}
   size_t G1HeapRegionSize                         = 1048576                                   {product} {ergonomic}
    uintx GCDrainStackTargetSize                   = 64                                        {product} {ergonomic}
   size_t InitialHeapSize                          = 268435456                                 {product} {ergonomic}
   size_t MarkStackSize                            = 4194304                                   {product} {ergonomic}
   size_t MaxHeapSize                              = 2147483648                                {product} {command line}
   size_t MaxNewSize                               = 1287651328                                {product} {ergonomic}
   size_t MinHeapDeltaBytes                        = 1048576                                   {product} {ergonomic}
    uintx NonNMethodCodeHeapSize                   = 5836300                                {pd product} {ergonomic}
    uintx NonProfiledCodeHeapSize                  = 122910970                              {pd product} {ergonomic}
    uintx ProfiledCodeHeapSize                     = 122910970                              {pd product} {ergonomic}
    uintx ReservedCodeCacheSize                    = 251658240                              {pd product} {ergonomic}
     bool SegmentedCodeCache                       = true                                      {product} {ergonomic}
     bool UseCompressedClassPointers               = true                                 {lp64_product} {ergonomic}
     bool UseCompressedOops                        = true                                 {lp64_product} {ergonomic}
     bool UseG1GC                                  = true                                      {product} {ergonomic}
     bool UseLargePagesIndividualAllocation        = false                                  {pd product} {ergonomic}

Logging:
Log output configuration:
 #0: stdout all=warning uptime,level,tags
 #1: stderr all=off uptime,level,tags

Environment Variables:
JAVA_HOME=C:\Program Files\Zulu\zulu-8
PATH=C:\Program Files\Zulu\zulu-8\bin\;C:\Program Files (x86)\Common Files\Oracle\Java\javapath;C:\ProgramData\Oracle\Java\javapath;C:\Program Files (x86)\Common Files\Intel\Shared Libraries\redist\intel64\compiler;C:\Windows\system32;C:\Windows;C:\Windows\System32\Wbem;C:\Windows\System32\WindowsPowerShell\v1.0\;C:\Windows\System32\OpenSSH\;C:\Program Files\NVIDIA Corporation\NVIDIA NvDLISR;C:\Program Files\Git\cmd;C:\WINDOWS\system32;C:\WINDOWS;C:\WINDOWS\System32\Wbem;C:\WINDOWS\System32\WindowsPowerShell\v1.0\;C:\WINDOWS\System32\OpenSSH\;C:\Program Files (x86)\dotnet\;C:\Program Files\Gradle\gradle-6.6\bin;C:\Program Files\dotnet\;C:\Program Files (x86)\NVIDIA Corporation\PhysX\Common;C:\Program Files\nodejs\;C:\sqlite3;;%SystemRoot%\system32;%SystemRoot%;%SystemRoot%\System32\Wbem;%SYSTEMROOT%\System32\WindowsPowerShell\v1.0\;%SYSTEMROOT%\System32\OpenSSH\;C:\Program Files\MySQL\MySQL Shell 8.0\bin\;C:\Users\User\AppData\Local\Microsoft\WindowsApps;;C:\Users\User\AppData\Local\Programs\Microsoft VS Code\bin;C:\Users\User\AppData\Roaming\npm
USERNAME=User
OS=Windows_NT
PROCESSOR_IDENTIFIER=AMD64 Family 23 Model 113 Stepping 0, AuthenticAMD



---------------  S Y S T E M  ---------------

OS: Windows 10 , 64 bit Build 22616 (10.0.22616.1)
OS uptime: 1 days 1:37 hours

CPU:total 12 (initial active 12) (12 cores per cpu, 2 threads per core) family 23 model 113 stepping 0 microcode 0x0, cmov, cx8, fxsr, mmx, sse, sse2, sse3, ssse3, sse4.1, sse4.2, popcnt, avx, avx2, aes, clmul, mmxext, 3dnowpref, lzcnt, sse4a, ht, tsc, tscinvbit, tscinv, bmi1, bmi2, adx,

Memory: 4k page, system-wide physical 16336M (2668M free)
TotalPageFile size 31445M (AvailPageFile size 3M)
current process WorkingSet (physical memory assigned to process): 290M, peak: 296M
current process commit charge ("private bytes"): 455M, peak: 461M

vm_info: OpenJDK 64-Bit Server VM (11.0.11+9-b60-7590822) for windows-amd64 JRE (11.0.11+9-b60-7590822), built on Jul 29 2021 21:43:44 by "builder" with MS VC++ 14.0 (VS2015)

END.
